::1 - - [14/Jan/2018:07:03:14 +0000] "GET / HTTP/1.1" 200 8693 "-" "Mozilla/5.0 (Windows NT 10.0; WOW64) AppleWebKit/537.36 (KHTML, like Gecko) Chrome/63.0.3239.108 Safari/537.36"
::1 - - [14/Jan/2018:07:03:14 +0000] "GET /stylesheets/style.css HTTP/1.1" 304 - "http://localhost:3000/" "Mozilla/5.0 (Windows NT 10.0; WOW64) AppleWebKit/537.36 (KHTML, like Gecko) Chrome/63.0.3239.108 Safari/537.36"
::1 - - [14/Jan/2018:07:03:14 +0000] "GET /stylesheets/style.css HTTP/1.1" 304 - "http://localhost:3000/" "Mozilla/5.0 (Windows NT 10.0; WOW64) AppleWebKit/537.36 (KHTML, like Gecko) Chrome/63.0.3239.108 Safari/537.36"
::1 - - [14/Jan/2018:07:52:40 +0000] "GET /u/zh/2018-1-14/%E4%B9%A0%E8%BF%91%E5%B9%B3%E6%80%BB%E4%B9%A6%E8%AE%B0%E5%9C%A8%E5%8D%81%E4%B9%9D%E5%B1%8A%E4%B8%AD%E5%A4%AE%E7%BA%AA%E5%A7%94%E4%BA%8C%E6%AC%A1%E5%85%A8%E4%BC%9A%E4%B8%8A%E7%9A%84%E9%87%8D%E8%A6%81%E8%AE%B2%E8%AF%9D HTTP/1.1" 200 3653 "http://localhost:3000/" "Mozilla/5.0 (Windows NT 10.0; WOW64) AppleWebKit/537.36 (KHTML, like Gecko) Chrome/63.0.3239.108 Safari/537.36"
::1 - - [14/Jan/2018:07:52:40 +0000] "GET /stylesheets/style.css HTTP/1.1" 304 - "http://localhost:3000/u/zh/2018-1-14/%E4%B9%A0%E8%BF%91%E5%B9%B3%E6%80%BB%E4%B9%A6%E8%AE%B0%E5%9C%A8%E5%8D%81%E4%B9%9D%E5%B1%8A%E4%B8%AD%E5%A4%AE%E7%BA%AA%E5%A7%94%E4%BA%8C%E6%AC%A1%E5%85%A8%E4%BC%9A%E4%B8%8A%E7%9A%84%E9%87%8D%E8%A6%81%E8%AE%B2%E8%AF%9D" "Mozilla/5.0 (Windows NT 10.0; WOW64) AppleWebKit/537.36 (KHTML, like Gecko) Chrome/63.0.3239.108 Safari/537.36"
::1 - - [14/Jan/2018:08:30:02 +0000] "GET /logout HTTP/1.1" 302 46 "http://localhost:3000/" "Mozilla/5.0 (Windows NT 10.0; WOW64) AppleWebKit/537.36 (KHTML, like Gecko) Chrome/63.0.3239.108 Safari/537.36"
::1 - - [14/Jan/2018:08:30:02 +0000] "GET / HTTP/1.1" 200 8667 "http://localhost:3000/" "Mozilla/5.0 (Windows NT 10.0; WOW64) AppleWebKit/537.36 (KHTML, like Gecko) Chrome/63.0.3239.108 Safari/537.36"
::1 - - [14/Jan/2018:08:30:02 +0000] "GET /stylesheets/style.css HTTP/1.1" 304 - "http://localhost:3000/" "Mozilla/5.0 (Windows NT 10.0; WOW64) AppleWebKit/537.36 (KHTML, like Gecko) Chrome/63.0.3239.108 Safari/537.36"
::1 - - [14/Jan/2018:08:30:39 +0000] "GET /u/zh/2018-1-14/%E4%B9%A0%E8%BF%91%E5%B9%B3%E6%80%BB%E4%B9%A6%E8%AE%B0%E5%9C%A8%E5%8D%81%E4%B9%9D%E5%B1%8A%E4%B8%AD%E5%A4%AE%E7%BA%AA%E5%A7%94%E4%BA%8C%E6%AC%A1%E5%85%A8%E4%BC%9A%E4%B8%8A%E7%9A%84%E9%87%8D%E8%A6%81%E8%AE%B2%E8%AF%9D HTTP/1.1" 200 3274 "http://localhost:3000/" "Mozilla/5.0 (Windows NT 10.0; WOW64) AppleWebKit/537.36 (KHTML, like Gecko) Chrome/63.0.3239.108 Safari/537.36"
::1 - - [14/Jan/2018:08:30:39 +0000] "GET /stylesheets/style.css HTTP/1.1" 304 - "http://localhost:3000/u/zh/2018-1-14/%E4%B9%A0%E8%BF%91%E5%B9%B3%E6%80%BB%E4%B9%A6%E8%AE%B0%E5%9C%A8%E5%8D%81%E4%B9%9D%E5%B1%8A%E4%B8%AD%E5%A4%AE%E7%BA%AA%E5%A7%94%E4%BA%8C%E6%AC%A1%E5%85%A8%E4%BC%9A%E4%B8%8A%E7%9A%84%E9%87%8D%E8%A6%81%E8%AE%B2%E8%AF%9D" "Mozilla/5.0 (Windows NT 10.0; WOW64) AppleWebKit/537.36 (KHTML, like Gecko) Chrome/63.0.3239.108 Safari/537.36"
::1 - - [14/Jan/2018:08:31:08 +0000] "GET /login HTTP/1.1" 200 1110 "http://localhost:3000/u/zh/2018-1-14/%E4%B9%A0%E8%BF%91%E5%B9%B3%E6%80%BB%E4%B9%A6%E8%AE%B0%E5%9C%A8%E5%8D%81%E4%B9%9D%E5%B1%8A%E4%B8%AD%E5%A4%AE%E7%BA%AA%E5%A7%94%E4%BA%8C%E6%AC%A1%E5%85%A8%E4%BC%9A%E4%B8%8A%E7%9A%84%E9%87%8D%E8%A6%81%E8%AE%B2%E8%AF%9D" "Mozilla/5.0 (Windows NT 10.0; WOW64) AppleWebKit/537.36 (KHTML, like Gecko) Chrome/63.0.3239.108 Safari/537.36"
::1 - - [14/Jan/2018:08:31:08 +0000] "GET /stylesheets/style.css HTTP/1.1" 304 - "http://localhost:3000/login" "Mozilla/5.0 (Windows NT 10.0; WOW64) AppleWebKit/537.36 (KHTML, like Gecko) Chrome/63.0.3239.108 Safari/537.36"
::1 - - [14/Jan/2018:08:31:16 +0000] "POST /login HTTP/1.1" 302 46 "http://localhost:3000/login" "Mozilla/5.0 (Windows NT 10.0; WOW64) AppleWebKit/537.36 (KHTML, like Gecko) Chrome/63.0.3239.108 Safari/537.36"
::1 - - [14/Jan/2018:08:31:16 +0000] "GET / HTTP/1.1" 200 8728 "http://localhost:3000/login" "Mozilla/5.0 (Windows NT 10.0; WOW64) AppleWebKit/537.36 (KHTML, like Gecko) Chrome/63.0.3239.108 Safari/537.36"
::1 - - [14/Jan/2018:08:31:16 +0000] "GET /stylesheets/style.css HTTP/1.1" 304 - "http://localhost:3000/" "Mozilla/5.0 (Windows NT 10.0; WOW64) AppleWebKit/537.36 (KHTML, like Gecko) Chrome/63.0.3239.108 Safari/537.36"
::1 - - [14/Jan/2018:08:31:22 +0000] "GET /u/zh/2018-1-14/%E4%B8%AD%E7%BA%AA%E5%A7%94%E4%BB%8A%E5%B9%B4%E5%8F%8D%E8%85%90%E8%A6%81%E8%BF%99%E4%B9%88%E5%B9%B2 HTTP/1.1" 200 2959 "http://localhost:3000/" "Mozilla/5.0 (Windows NT 10.0; WOW64) AppleWebKit/537.36 (KHTML, like Gecko) Chrome/63.0.3239.108 Safari/537.36"
::1 - - [14/Jan/2018:08:31:22 +0000] "GET /stylesheets/style.css HTTP/1.1" 304 - "http://localhost:3000/u/zh/2018-1-14/%E4%B8%AD%E7%BA%AA%E5%A7%94%E4%BB%8A%E5%B9%B4%E5%8F%8D%E8%85%90%E8%A6%81%E8%BF%99%E4%B9%88%E5%B9%B2" "Mozilla/5.0 (Windows NT 10.0; WOW64) AppleWebKit/537.36 (KHTML, like Gecko) Chrome/63.0.3239.108 Safari/537.36"
::1 - - [14/Jan/2018:08:32:35 +0000] "GET /upload HTTP/1.1" 200 1305 "http://localhost:3000/u/zh/2018-1-14/%E4%B8%AD%E7%BA%AA%E5%A7%94%E4%BB%8A%E5%B9%B4%E5%8F%8D%E8%85%90%E8%A6%81%E8%BF%99%E4%B9%88%E5%B9%B2" "Mozilla/5.0 (Windows NT 10.0; WOW64) AppleWebKit/537.36 (KHTML, like Gecko) Chrome/63.0.3239.108 Safari/537.36"
::1 - - [14/Jan/2018:08:32:35 +0000] "GET /stylesheets/style.css HTTP/1.1" 304 - "http://localhost:3000/upload" "Mozilla/5.0 (Windows NT 10.0; WOW64) AppleWebKit/537.36 (KHTML, like Gecko) Chrome/63.0.3239.108 Safari/537.36"
::1 - - [14/Jan/2018:08:32:45 +0000] "POST /upload HTTP/1.1" 302 58 "http://localhost:3000/upload" "Mozilla/5.0 (Windows NT 10.0; WOW64) AppleWebKit/537.36 (KHTML, like Gecko) Chrome/63.0.3239.108 Safari/537.36"
::1 - - [14/Jan/2018:08:32:45 +0000] "GET /upload HTTP/1.1" 200 1346 "http://localhost:3000/upload" "Mozilla/5.0 (Windows NT 10.0; WOW64) AppleWebKit/537.36 (KHTML, like Gecko) Chrome/63.0.3239.108 Safari/537.36"
::1 - - [14/Jan/2018:08:32:45 +0000] "GET /stylesheets/style.css HTTP/1.1" 304 - "http://localhost:3000/upload" "Mozilla/5.0 (Windows NT 10.0; WOW64) AppleWebKit/537.36 (KHTML, like Gecko) Chrome/63.0.3239.108 Safari/537.36"
::1 - - [14/Jan/2018:08:32:49 +0000] "GET / HTTP/1.1" 200 8693 "http://localhost:3000/upload" "Mozilla/5.0 (Windows NT 10.0; WOW64) AppleWebKit/537.36 (KHTML, like Gecko) Chrome/63.0.3239.108 Safari/537.36"
::1 - - [14/Jan/2018:08:32:49 +0000] "GET /stylesheets/style.css HTTP/1.1" 304 - "http://localhost:3000/" "Mozilla/5.0 (Windows NT 10.0; WOW64) AppleWebKit/537.36 (KHTML, like Gecko) Chrome/63.0.3239.108 Safari/537.36"
::1 - - [14/Jan/2018:08:32:51 +0000] "GET /u/zh/2018-1-14/%E4%B8%AD%E7%BA%AA%E5%A7%94%E4%BB%8A%E5%B9%B4%E5%8F%8D%E8%85%90%E8%A6%81%E8%BF%99%E4%B9%88%E5%B9%B2 HTTP/1.1" 200 2959 "http://localhost:3000/" "Mozilla/5.0 (Windows NT 10.0; WOW64) AppleWebKit/537.36 (KHTML, like Gecko) Chrome/63.0.3239.108 Safari/537.36"
::1 - - [14/Jan/2018:08:32:51 +0000] "GET /stylesheets/style.css HTTP/1.1" 304 - "http://localhost:3000/u/zh/2018-1-14/%E4%B8%AD%E7%BA%AA%E5%A7%94%E4%BB%8A%E5%B9%B4%E5%8F%8D%E8%85%90%E8%A6%81%E8%BF%99%E4%B9%88%E5%B9%B2" "Mozilla/5.0 (Windows NT 10.0; WOW64) AppleWebKit/537.36 (KHTML, like Gecko) Chrome/63.0.3239.108 Safari/537.36"
::1 - - [14/Jan/2018:08:33:23 +0000] "POST /u/zh/2018-1-14/%E4%B8%AD%E7%BA%AA%E5%A7%94%E4%BB%8A%E5%B9%B4%E5%8F%8D%E8%85%90%E8%A6%81%E8%BF%99%E4%B9%88%E5%B9%B2 HTTP/1.1" 302 316 "http://localhost:3000/u/zh/2018-1-14/%E4%B8%AD%E7%BA%AA%E5%A7%94%E4%BB%8A%E5%B9%B4%E5%8F%8D%E8%85%90%E8%A6%81%E8%BF%99%E4%B9%88%E5%B9%B2" "Mozilla/5.0 (Windows NT 10.0; WOW64) AppleWebKit/537.36 (KHTML, like Gecko) Chrome/63.0.3239.108 Safari/537.36"
::1 - - [14/Jan/2018:08:33:23 +0000] "GET /u/zh/2018-1-14/%E4%B8%AD%E7%BA%AA%E5%A7%94%E4%BB%8A%E5%B9%B4%E5%8F%8D%E8%85%90%E8%A6%81%E8%BF%99%E4%B9%88%E5%B9%B2 HTTP/1.1" 200 3296 "http://localhost:3000/u/zh/2018-1-14/%E4%B8%AD%E7%BA%AA%E5%A7%94%E4%BB%8A%E5%B9%B4%E5%8F%8D%E8%85%90%E8%A6%81%E8%BF%99%E4%B9%88%E5%B9%B2" "Mozilla/5.0 (Windows NT 10.0; WOW64) AppleWebKit/537.36 (KHTML, like Gecko) Chrome/63.0.3239.108 Safari/537.36"
::1 - - [14/Jan/2018:08:33:23 +0000] "GET /stylesheets/style.css HTTP/1.1" 304 - "http://localhost:3000/u/zh/2018-1-14/%E4%B8%AD%E7%BA%AA%E5%A7%94%E4%BB%8A%E5%B9%B4%E5%8F%8D%E8%85%90%E8%A6%81%E8%BF%99%E4%B9%88%E5%B9%B2" "Mozilla/5.0 (Windows NT 10.0; WOW64) AppleWebKit/537.36 (KHTML, like Gecko) Chrome/63.0.3239.108 Safari/537.36"
::1 - - [14/Jan/2018:08:33:23 +0000] "GET /images/2.jpg HTTP/1.1" 200 54857 "http://localhost:3000/u/zh/2018-1-14/%E4%B8%AD%E7%BA%AA%E5%A7%94%E4%BB%8A%E5%B9%B4%E5%8F%8D%E8%85%90%E8%A6%81%E8%BF%99%E4%B9%88%E5%B9%B2" "Mozilla/5.0 (Windows NT 10.0; WOW64) AppleWebKit/537.36 (KHTML, like Gecko) Chrome/63.0.3239.108 Safari/537.36"
::1 - - [14/Jan/2018:08:34:54 +0000] "GET /upload HTTP/1.1" 200 1305 "http://localhost:3000/u/zh/2018-1-14/%E4%B8%AD%E7%BA%AA%E5%A7%94%E4%BB%8A%E5%B9%B4%E5%8F%8D%E8%85%90%E8%A6%81%E8%BF%99%E4%B9%88%E5%B9%B2" "Mozilla/5.0 (Windows NT 10.0; WOW64) AppleWebKit/537.36 (KHTML, like Gecko) Chrome/63.0.3239.108 Safari/537.36"
::1 - - [14/Jan/2018:08:34:54 +0000] "GET /stylesheets/style.css HTTP/1.1" 304 - "http://localhost:3000/upload" "Mozilla/5.0 (Windows NT 10.0; WOW64) AppleWebKit/537.36 (KHTML, like Gecko) Chrome/63.0.3239.108 Safari/537.36"
::1 - - [14/Jan/2018:08:35:14 +0000] "POST /upload HTTP/1.1" 302 58 "http://localhost:3000/upload" "Mozilla/5.0 (Windows NT 10.0; WOW64) AppleWebKit/537.36 (KHTML, like Gecko) Chrome/63.0.3239.108 Safari/537.36"
::1 - - [14/Jan/2018:08:35:14 +0000] "GET /upload HTTP/1.1" 200 1346 "http://localhost:3000/upload" "Mozilla/5.0 (Windows NT 10.0; WOW64) AppleWebKit/537.36 (KHTML, like Gecko) Chrome/63.0.3239.108 Safari/537.36"
::1 - - [14/Jan/2018:08:35:14 +0000] "GET /stylesheets/style.css HTTP/1.1" 304 - "http://localhost:3000/upload" "Mozilla/5.0 (Windows NT 10.0; WOW64) AppleWebKit/537.36 (KHTML, like Gecko) Chrome/63.0.3239.108 Safari/537.36"
::1 - - [14/Jan/2018:08:35:18 +0000] "GET / HTTP/1.1" 200 8693 "http://localhost:3000/upload" "Mozilla/5.0 (Windows NT 10.0; WOW64) AppleWebKit/537.36 (KHTML, like Gecko) Chrome/63.0.3239.108 Safari/537.36"
::1 - - [14/Jan/2018:08:35:18 +0000] "GET /stylesheets/style.css HTTP/1.1" 304 - "http://localhost:3000/" "Mozilla/5.0 (Windows NT 10.0; WOW64) AppleWebKit/537.36 (KHTML, like Gecko) Chrome/63.0.3239.108 Safari/537.36"
::1 - - [14/Jan/2018:08:35:18 +0000] "GET / HTTP/1.1" 304 - "http://localhost:3000/" "Mozilla/5.0 (Windows NT 10.0; WOW64) AppleWebKit/537.36 (KHTML, like Gecko) Chrome/63.0.3239.108 Safari/537.36"
::1 - - [14/Jan/2018:08:35:18 +0000] "GET /stylesheets/style.css HTTP/1.1" 304 - "http://localhost:3000/" "Mozilla/5.0 (Windows NT 10.0; WOW64) AppleWebKit/537.36 (KHTML, like Gecko) Chrome/63.0.3239.108 Safari/537.36"
::1 - - [14/Jan/2018:08:35:23 +0000] "GET /u/big/2018-1-14/%E5%9B%BD%E5%AE%B6%E6%97%85%E6%B8%B8%E5%B1%80%E5%86%8D%E6%AC%A1%E6%8F%90%E7%A4%BA%E8%BF%91%E6%9C%9F%E6%9A%82%E5%8B%BF%E8%B5%B4%E5%8F%99%E5%88%A9%E4%BA%9A%E3%80%81%E4%BC%8A%E6%8B%89%E5%85%8B%E6%97%85%E6%B8%B8 HTTP/1.1" 200 2791 "http://localhost:3000/" "Mozilla/5.0 (Windows NT 10.0; WOW64) AppleWebKit/537.36 (KHTML, like Gecko) Chrome/63.0.3239.108 Safari/537.36"
::1 - - [14/Jan/2018:08:35:23 +0000] "GET /stylesheets/style.css HTTP/1.1" 304 - "http://localhost:3000/u/big/2018-1-14/%E5%9B%BD%E5%AE%B6%E6%97%85%E6%B8%B8%E5%B1%80%E5%86%8D%E6%AC%A1%E6%8F%90%E7%A4%BA%E8%BF%91%E6%9C%9F%E6%9A%82%E5%8B%BF%E8%B5%B4%E5%8F%99%E5%88%A9%E4%BA%9A%E3%80%81%E4%BC%8A%E6%8B%89%E5%85%8B%E6%97%85%E6%B8%B8" "Mozilla/5.0 (Windows NT 10.0; WOW64) AppleWebKit/537.36 (KHTML, like Gecko) Chrome/63.0.3239.108 Safari/537.36"
::1 - - [14/Jan/2018:08:36:06 +0000] "POST /u/big/2018-1-14/%E5%9B%BD%E5%AE%B6%E6%97%85%E6%B8%B8%E5%B1%80%E5%86%8D%E6%AC%A1%E6%8F%90%E7%A4%BA%E8%BF%91%E6%9C%9F%E6%9A%82%E5%8B%BF%E8%B5%B4%E5%8F%99%E5%88%A9%E4%BA%9A%E3%80%81%E4%BC%8A%E6%8B%89%E5%85%8B%E6%97%85%E6%B8%B8 HTTP/1.1" 302 534 "http://localhost:3000/u/big/2018-1-14/%E5%9B%BD%E5%AE%B6%E6%97%85%E6%B8%B8%E5%B1%80%E5%86%8D%E6%AC%A1%E6%8F%90%E7%A4%BA%E8%BF%91%E6%9C%9F%E6%9A%82%E5%8B%BF%E8%B5%B4%E5%8F%99%E5%88%A9%E4%BA%9A%E3%80%81%E4%BC%8A%E6%8B%89%E5%85%8B%E6%97%85%E6%B8%B8" "Mozilla/5.0 (Windows NT 10.0; WOW64) AppleWebKit/537.36 (KHTML, like Gecko) Chrome/63.0.3239.108 Safari/537.36"
::1 - - [14/Jan/2018:08:36:06 +0000] "GET /u/big/2018-1-14/%E5%9B%BD%E5%AE%B6%E6%97%85%E6%B8%B8%E5%B1%80%E5%86%8D%E6%AC%A1%E6%8F%90%E7%A4%BA%E8%BF%91%E6%9C%9F%E6%9A%82%E5%8B%BF%E8%B5%B4%E5%8F%99%E5%88%A9%E4%BA%9A%E3%80%81%E4%BC%8A%E6%8B%89%E5%85%8B%E6%97%85%E6%B8%B8 HTTP/1.1" 200 3129 "http://localhost:3000/u/big/2018-1-14/%E5%9B%BD%E5%AE%B6%E6%97%85%E6%B8%B8%E5%B1%80%E5%86%8D%E6%AC%A1%E6%8F%90%E7%A4%BA%E8%BF%91%E6%9C%9F%E6%9A%82%E5%8B%BF%E8%B5%B4%E5%8F%99%E5%88%A9%E4%BA%9A%E3%80%81%E4%BC%8A%E6%8B%89%E5%85%8B%E6%97%85%E6%B8%B8" "Mozilla/5.0 (Windows NT 10.0; WOW64) AppleWebKit/537.36 (KHTML, like Gecko) Chrome/63.0.3239.108 Safari/537.36"
::1 - - [14/Jan/2018:08:36:06 +0000] "GET /stylesheets/style.css HTTP/1.1" 304 - "http://localhost:3000/u/big/2018-1-14/%E5%9B%BD%E5%AE%B6%E6%97%85%E6%B8%B8%E5%B1%80%E5%86%8D%E6%AC%A1%E6%8F%90%E7%A4%BA%E8%BF%91%E6%9C%9F%E6%9A%82%E5%8B%BF%E8%B5%B4%E5%8F%99%E5%88%A9%E4%BA%9A%E3%80%81%E4%BC%8A%E6%8B%89%E5%85%8B%E6%97%85%E6%B8%B8" "Mozilla/5.0 (Windows NT 10.0; WOW64) AppleWebKit/537.36 (KHTML, like Gecko) Chrome/63.0.3239.108 Safari/537.36"
::1 - - [14/Jan/2018:08:36:06 +0000] "GET /images/2.jpg HTTP/1.1" 200 4643 "http://localhost:3000/u/big/2018-1-14/%E5%9B%BD%E5%AE%B6%E6%97%85%E6%B8%B8%E5%B1%80%E5%86%8D%E6%AC%A1%E6%8F%90%E7%A4%BA%E8%BF%91%E6%9C%9F%E6%9A%82%E5%8B%BF%E8%B5%B4%E5%8F%99%E5%88%A9%E4%BA%9A%E3%80%81%E4%BC%8A%E6%8B%89%E5%85%8B%E6%97%85%E6%B8%B8" "Mozilla/5.0 (Windows NT 10.0; WOW64) AppleWebKit/537.36 (KHTML, like Gecko) Chrome/63.0.3239.108 Safari/537.36"
::1 - - [14/Jan/2018:08:37:16 +0000] "GET /u/zh/2018-1-13/%E5%8D%81%E4%B9%9D%E5%B1%8A%E4%B8%AD%E5%A4%AE%E7%BA%AA%E5%A7%94%E4%BA%8C%E6%AC%A1%E5%85%A8%E4%BC%9A%E4%BB%8A%E5%A4%A9%E4%B8%8A%E5%8D%88%E9%97%AD%E5%B9%95 HTTP/1.1" - - "-" "Mozilla/5.0 (Windows NT 10.0; WOW64) AppleWebKit/537.36 (KHTML, like Gecko) Chrome/63.0.3239.108 Safari/537.36"
::1 - - [14/Jan/2018:08:37:20 +0000] "GET /archive HTTP/1.1" 200 247 "http://localhost:3000/u/big/2018-1-14/%E5%9B%BD%E5%AE%B6%E6%97%85%E6%B8%B8%E5%B1%80%E5%86%8D%E6%AC%A1%E6%8F%90%E7%A4%BA%E8%BF%91%E6%9C%9F%E6%9A%82%E5%8B%BF%E8%B5%B4%E5%8F%99%E5%88%A9%E4%BA%9A%E3%80%81%E4%BC%8A%E6%8B%89%E5%85%8B%E6%97%85%E6%B8%B8" "Mozilla/5.0 (Windows NT 10.0; WOW64) AppleWebKit/537.36 (KHTML, like Gecko) Chrome/63.0.3239.108 Safari/537.36"
::1 - - [14/Jan/2018:08:37:39 +0000] "GET /tags HTTP/1.1" 200 247 "http://localhost:3000/u/big/2018-1-14/%E5%9B%BD%E5%AE%B6%E6%97%85%E6%B8%B8%E5%B1%80%E5%86%8D%E6%AC%A1%E6%8F%90%E7%A4%BA%E8%BF%91%E6%9C%9F%E6%9A%82%E5%8B%BF%E8%B5%B4%E5%8F%99%E5%88%A9%E4%BA%9A%E3%80%81%E4%BC%8A%E6%8B%89%E5%85%8B%E6%97%85%E6%B8%B8" "Mozilla/5.0 (Windows NT 10.0; WOW64) AppleWebKit/537.36 (KHTML, like Gecko) Chrome/63.0.3239.108 Safari/537.36"
::1 - - [14/Jan/2018:08:37:47 +0000] "GET /u/big/2018-1-14/%E5%9B%BD%E5%AE%B6%E6%97%85%E6%B8%B8%E5%B1%80%E5%86%8D%E6%AC%A1%E6%8F%90%E7%A4%BA%E8%BF%91%E6%9C%9F%E6%9A%82%E5%8B%BF%E8%B5%B4%E5%8F%99%E5%88%A9%E4%BA%9A%E3%80%81%E4%BC%8A%E6%8B%89%E5%85%8B%E6%97%85%E6%B8%B8 HTTP/1.1" 200 247 "http://localhost:3000/" "Mozilla/5.0 (Windows NT 10.0; WOW64) AppleWebKit/537.36 (KHTML, like Gecko) Chrome/63.0.3239.108 Safari/537.36"
::1 - - [14/Jan/2018:08:37:48 +0000] "GET /u/big/2018-1-14/%E5%9B%BD%E5%AE%B6%E6%97%85%E6%B8%B8%E5%B1%80%E5%86%8D%E6%AC%A1%E6%8F%90%E7%A4%BA%E8%BF%91%E6%9C%9F%E6%9A%82%E5%8B%BF%E8%B5%B4%E5%8F%99%E5%88%A9%E4%BA%9A%E3%80%81%E4%BC%8A%E6%8B%89%E5%85%8B%E6%97%85%E6%B8%B8 HTTP/1.1" 304 - "http://localhost:3000/" "Mozilla/5.0 (Windows NT 10.0; WOW64) AppleWebKit/537.36 (KHTML, like Gecko) Chrome/63.0.3239.108 Safari/537.36"
::1 - - [14/Jan/2018:08:37:54 +0000] "GET /u/big/2018-1-14/%E5%9B%BD%E5%AE%B6%E6%97%85%E6%B8%B8%E5%B1%80%E5%86%8D%E6%AC%A1%E6%8F%90%E7%A4%BA%E8%BF%91%E6%9C%9F%E6%9A%82%E5%8B%BF%E8%B5%B4%E5%8F%99%E5%88%A9%E4%BA%9A%E3%80%81%E4%BC%8A%E6%8B%89%E5%85%8B%E6%97%85%E6%B8%B8 HTTP/1.1" 200 3095 "http://localhost:3000/" "Mozilla/5.0 (Windows NT 10.0; WOW64) AppleWebKit/537.36 (KHTML, like Gecko) Chrome/63.0.3239.108 Safari/537.36"
::1 - - [14/Jan/2018:08:37:54 +0000] "GET /stylesheets/style.css HTTP/1.1" 304 - "http://localhost:3000/u/big/2018-1-14/%E5%9B%BD%E5%AE%B6%E6%97%85%E6%B8%B8%E5%B1%80%E5%86%8D%E6%AC%A1%E6%8F%90%E7%A4%BA%E8%BF%91%E6%9C%9F%E6%9A%82%E5%8B%BF%E8%B5%B4%E5%8F%99%E5%88%A9%E4%BA%9A%E3%80%81%E4%BC%8A%E6%8B%89%E5%85%8B%E6%97%85%E6%B8%B8" "Mozilla/5.0 (Windows NT 10.0; WOW64) AppleWebKit/537.36 (KHTML, like Gecko) Chrome/63.0.3239.108 Safari/537.36"
::1 - - [14/Jan/2018:08:37:54 +0000] "GET /images/2.jpg HTTP/1.1" 304 - "http://localhost:3000/u/big/2018-1-14/%E5%9B%BD%E5%AE%B6%E6%97%85%E6%B8%B8%E5%B1%80%E5%86%8D%E6%AC%A1%E6%8F%90%E7%A4%BA%E8%BF%91%E6%9C%9F%E6%9A%82%E5%8B%BF%E8%B5%B4%E5%8F%99%E5%88%A9%E4%BA%9A%E3%80%81%E4%BC%8A%E6%8B%89%E5%85%8B%E6%97%85%E6%B8%B8" "Mozilla/5.0 (Windows NT 10.0; WOW64) AppleWebKit/537.36 (KHTML, like Gecko) Chrome/63.0.3239.108 Safari/537.36"
::1 - - [14/Jan/2018:08:37:55 +0000] "GET /archive HTTP/1.1" 200 1845 "http://localhost:3000/u/big/2018-1-14/%E5%9B%BD%E5%AE%B6%E6%97%85%E6%B8%B8%E5%B1%80%E5%86%8D%E6%AC%A1%E6%8F%90%E7%A4%BA%E8%BF%91%E6%9C%9F%E6%9A%82%E5%8B%BF%E8%B5%B4%E5%8F%99%E5%88%A9%E4%BA%9A%E3%80%81%E4%BC%8A%E6%8B%89%E5%85%8B%E6%97%85%E6%B8%B8" "Mozilla/5.0 (Windows NT 10.0; WOW64) AppleWebKit/537.36 (KHTML, like Gecko) Chrome/63.0.3239.108 Safari/537.36"
::1 - - [14/Jan/2018:08:37:55 +0000] "GET /stylesheets/style.css HTTP/1.1" 304 - "http://localhost:3000/archive" "Mozilla/5.0 (Windows NT 10.0; WOW64) AppleWebKit/537.36 (KHTML, like Gecko) Chrome/63.0.3239.108 Safari/537.36"
::1 - - [14/Jan/2018:08:37:57 +0000] "GET /tags HTTP/1.1" 200 1393 "http://localhost:3000/archive" "Mozilla/5.0 (Windows NT 10.0; WOW64) AppleWebKit/537.36 (KHTML, like Gecko) Chrome/63.0.3239.108 Safari/537.36"
::1 - - [14/Jan/2018:08:37:57 +0000] "GET /stylesheets/style.css HTTP/1.1" 304 - "http://localhost:3000/tags" "Mozilla/5.0 (Windows NT 10.0; WOW64) AppleWebKit/537.36 (KHTML, like Gecko) Chrome/63.0.3239.108 Safari/537.36"
::1 - - [14/Jan/2018:08:37:58 +0000] "GET /links HTTP/1.1" 304 - "http://localhost:3000/tags" "Mozilla/5.0 (Windows NT 10.0; WOW64) AppleWebKit/537.36 (KHTML, like Gecko) Chrome/63.0.3239.108 Safari/537.36"
::1 - - [14/Jan/2018:08:37:58 +0000] "GET /stylesheets/style.css HTTP/1.1" 304 - "http://localhost:3000/links" "Mozilla/5.0 (Windows NT 10.0; WOW64) AppleWebKit/537.36 (KHTML, like Gecko) Chrome/63.0.3239.108 Safari/537.36"
::1 - - [14/Jan/2018:08:38:00 +0000] "GET /upload HTTP/1.1" 200 1305 "http://localhost:3000/links" "Mozilla/5.0 (Windows NT 10.0; WOW64) AppleWebKit/537.36 (KHTML, like Gecko) Chrome/63.0.3239.108 Safari/537.36"
::1 - - [14/Jan/2018:08:38:00 +0000] "GET /stylesheets/style.css HTTP/1.1" 304 - "http://localhost:3000/upload" "Mozilla/5.0 (Windows NT 10.0; WOW64) AppleWebKit/537.36 (KHTML, like Gecko) Chrome/63.0.3239.108 Safari/537.36"
::1 - - [14/Jan/2018:08:38:01 +0000] "GET / HTTP/1.1" 200 8694 "http://localhost:3000/upload" "Mozilla/5.0 (Windows NT 10.0; WOW64) AppleWebKit/537.36 (KHTML, like Gecko) Chrome/63.0.3239.108 Safari/537.36"
::1 - - [14/Jan/2018:08:38:01 +0000] "GET /stylesheets/style.css HTTP/1.1" 304 - "http://localhost:3000/" "Mozilla/5.0 (Windows NT 10.0; WOW64) AppleWebKit/537.36 (KHTML, like Gecko) Chrome/63.0.3239.108 Safari/537.36"
::1 - - [22/Jan/2018:07:12:01 +0000] "GET / HTTP/1.1" 200 8694 "http://localhost:3000/reg" "Mozilla/5.0 (Windows NT 10.0; WOW64) AppleWebKit/537.36 (KHTML, like Gecko) Chrome/63.0.3239.108 Safari/537.36"
::1 - - [22/Jan/2018:07:12:01 +0000] "GET /stylesheets/style.css HTTP/1.1" 200 1975 "http://localhost:3000/" "Mozilla/5.0 (Windows NT 10.0; WOW64) AppleWebKit/537.36 (KHTML, like Gecko) Chrome/63.0.3239.108 Safari/537.36"
::1 - - [22/Jan/2018:07:12:03 +0000] "GET /logout HTTP/1.1" 302 46 "http://localhost:3000/" "Mozilla/5.0 (Windows NT 10.0; WOW64) AppleWebKit/537.36 (KHTML, like Gecko) Chrome/63.0.3239.108 Safari/537.36"
::1 - - [22/Jan/2018:07:12:03 +0000] "GET / HTTP/1.1" 200 8668 "http://localhost:3000/" "Mozilla/5.0 (Windows NT 10.0; WOW64) AppleWebKit/537.36 (KHTML, like Gecko) Chrome/63.0.3239.108 Safari/537.36"
::1 - - [22/Jan/2018:07:12:03 +0000] "GET /stylesheets/style.css HTTP/1.1" 304 - "http://localhost:3000/" "Mozilla/5.0 (Windows NT 10.0; WOW64) AppleWebKit/537.36 (KHTML, like Gecko) Chrome/63.0.3239.108 Safari/537.36"
::1 - - [22/Jan/2018:07:12:05 +0000] "GET /reg HTTP/1.1" 200 1231 "http://localhost:3000/" "Mozilla/5.0 (Windows NT 10.0; WOW64) AppleWebKit/537.36 (KHTML, like Gecko) Chrome/63.0.3239.108 Safari/537.36"
::1 - - [22/Jan/2018:07:12:05 +0000] "GET /stylesheets/style.css HTTP/1.1" 304 - "http://localhost:3000/reg" "Mozilla/5.0 (Windows NT 10.0; WOW64) AppleWebKit/537.36 (KHTML, like Gecko) Chrome/63.0.3239.108 Safari/537.36"
::1 - - [22/Jan/2018:07:12:16 +0000] "POST /reg HTTP/1.1" 302 46 "http://localhost:3000/reg" "Mozilla/5.0 (Windows NT 10.0; WOW64) AppleWebKit/537.36 (KHTML, like Gecko) Chrome/63.0.3239.108 Safari/537.36"
::1 - - [22/Jan/2018:07:12:16 +0000] "GET / HTTP/1.1" 200 8668 "http://localhost:3000/reg" "Mozilla/5.0 (Windows NT 10.0; WOW64) AppleWebKit/537.36 (KHTML, like Gecko) Chrome/63.0.3239.108 Safari/537.36"
::1 - - [22/Jan/2018:07:12:16 +0000] "GET /stylesheets/style.css HTTP/1.1" 304 - "http://localhost:3000/" "Mozilla/5.0 (Windows NT 10.0; WOW64) AppleWebKit/537.36 (KHTML, like Gecko) Chrome/63.0.3239.108 Safari/537.36"
